[    2874ms] [ERROR] Failed to load resource: the server responded with a status of 404 () @ https://brokerai.rudz.in/favicon.ico:0
[   80822ms] [ERROR] Failed to load resource: the server responded with a status of 404 () @ https://brokerai.rudz.in/_next/static/g5gTfJ3h4RvK-ctXLKC0M/_buildManifest.js:0
[   80822ms] [ERROR] Refused to execute script from 'https://brokerai.rudz.in/_next/static/g5gTfJ3h4RvK-ctXLKC0M/_buildManifest.js' because its MIME type ('text/plain') is not executable, and strict MIME type checking is enabled. @ https://brokerai.rudz.in/dashboard:0
[   80842ms] [ERROR] Failed to load resource: the server responded with a status of 404 () @ https://brokerai.rudz.in/_next/static/chunks/turbopack-052a9f8b474a36e2.js:0
[   80842ms] [ERROR] Refused to execute script from 'https://brokerai.rudz.in/_next/static/chunks/turbopack-052a9f8b474a36e2.js' because its MIME type ('text/plain') is not executable, and strict MIME type checking is enabled. @ https://brokerai.rudz.in/dashboard:0
[   80850ms] [ERROR] Failed to load resource: the server responded with a status of 404 () @ https://brokerai.rudz.in/_next/static/chunks/ccc73848b8c470f1.js:0
[   80850ms] [ERROR] Refused to execute script from 'https://brokerai.rudz.in/_next/static/chunks/ccc73848b8c470f1.js' because its MIME type ('text/plain') is not executable, and strict MIME type checking is enabled. @ https://brokerai.rudz.in/dashboard:0
[   80941ms] [ERROR] Failed to load resource: the server responded with a status of 404 () @ https://brokerai.rudz.in/_next/static/chunks/turbopack-929e7bdb9f15a3a6.js:0
[   80941ms] [ERROR] Refused to execute script from 'https://brokerai.rudz.in/_next/static/chunks/turbopack-929e7bdb9f15a3a6.js' because its MIME type ('text/plain') is not executable, and strict MIME type checking is enabled. @ https://brokerai.rudz.in/dashboard:0
[   80941ms] [ERROR] Refused to apply style from 'https://brokerai.rudz.in/_next/static/chunks/d57d09485d47abee.css' because its MIME type ('text/plain') is not a supported stylesheet MIME type, and strict MIME checking is enabled. @ https://brokerai.rudz.in/dashboard:0
[   80951ms] [ERROR] Failed to load resource: the server responded with a status of 404 () @ https://brokerai.rudz.in/_next/static/chunks/7a7b1c7507636c40.js:0
[   80951ms] [ERROR] Refused to execute script from 'https://brokerai.rudz.in/_next/static/chunks/7a7b1c7507636c40.js' because its MIME type ('text/plain') is not executable, and strict MIME type checking is enabled. @ https://brokerai.rudz.in/dashboard:0
[   80951ms] [ERROR] Failed to load resource: the server responded with a status of 404 () @ https://brokerai.rudz.in/_next/static/g5gTfJ3h4RvK-ctXLKC0M/_ssgManifest.js:0
[   80951ms] [ERROR] Refused to execute script from 'https://brokerai.rudz.in/_next/static/g5gTfJ3h4RvK-ctXLKC0M/_ssgManifest.js' because its MIME type ('text/plain') is not executable, and strict MIME type checking is enabled. @ https://brokerai.rudz.in/dashboard:0
[  147546ms] [ERROR] Failed to load resource: the server responded with a status of 404 () @ https://brokerai.rudz.in/_next/static/g5gTfJ3h4RvK-ctXLKC0M/_buildManifest.js:0
[  147546ms] [ERROR] Refused to execute script from 'https://brokerai.rudz.in/_next/static/g5gTfJ3h4RvK-ctXLKC0M/_buildManifest.js' because its MIME type ('text/plain') is not executable, and strict MIME type checking is enabled. @ https://brokerai.rudz.in/dashboard:0
[  147548ms] [ERROR] Failed to load resource: the server responded with a status of 404 () @ https://brokerai.rudz.in/_next/static/chunks/turbopack-929e7bdb9f15a3a6.js:0
[  147548ms] [ERROR] Refused to execute script from 'https://brokerai.rudz.in/_next/static/chunks/turbopack-929e7bdb9f15a3a6.js' because its MIME type ('text/plain') is not executable, and strict MIME type checking is enabled. @ https://brokerai.rudz.in/dashboard:0
[  147643ms] [ERROR] Failed to load resource: the server responded with a status of 404 () @ https://brokerai.rudz.in/_next/static/chunks/ccc73848b8c470f1.js:0
[  147643ms] [ERROR] Refused to execute script from 'https://brokerai.rudz.in/_next/static/chunks/ccc73848b8c470f1.js' because its MIME type ('text/plain') is not executable, and strict MIME type checking is enabled. @ https://brokerai.rudz.in/dashboard:0
[  147644ms] [ERROR] Failed to load resource: the server responded with a status of 404 () @ https://brokerai.rudz.in/_next/static/chunks/turbopack-052a9f8b474a36e2.js:0
[  147644ms] [ERROR] Refused to execute script from 'https://brokerai.rudz.in/_next/static/chunks/turbopack-052a9f8b474a36e2.js' because its MIME type ('text/plain') is not executable, and strict MIME type checking is enabled. @ https://brokerai.rudz.in/dashboard:0
[  147645ms] [ERROR] Failed to load resource: the server responded with a status of 404 () @ https://brokerai.rudz.in/_next/static/chunks/7a7b1c7507636c40.js:0
[  147645ms] [ERROR] Refused to execute script from 'https://brokerai.rudz.in/_next/static/chunks/7a7b1c7507636c40.js' because its MIME type ('text/plain') is not executable, and strict MIME type checking is enabled. @ https://brokerai.rudz.in/dashboard:0
[  147646ms] [ERROR] Refused to apply style from 'https://brokerai.rudz.in/_next/static/chunks/d57d09485d47abee.css' because its MIME type ('text/plain') is not a supported stylesheet MIME type, and strict MIME checking is enabled. @ https://brokerai.rudz.in/dashboard:0
[  147667ms] [ERROR] Failed to load resource: the server responded with a status of 404 () @ https://brokerai.rudz.in/_next/static/g5gTfJ3h4RvK-ctXLKC0M/_ssgManifest.js:0
[  147667ms] [ERROR] Refused to execute script from 'https://brokerai.rudz.in/_next/static/g5gTfJ3h4RvK-ctXLKC0M/_ssgManifest.js' because its MIME type ('text/plain') is not executable, and strict MIME type checking is enabled. @ https://brokerai.rudz.in/dashboard:0
[ 1018679ms] [ERROR] Failed to load resource: the server responded with a status of 404 () @ https://brokerai.rudz.in/_next/static/g5gTfJ3h4RvK-ctXLKC0M/_buildManifest.js:0
[ 1018679ms] [ERROR] Refused to execute script from 'https://brokerai.rudz.in/_next/static/g5gTfJ3h4RvK-ctXLKC0M/_buildManifest.js' because its MIME type ('text/plain') is not executable, and strict MIME type checking is enabled. @ https://brokerai.rudz.in/dashboard:0
[ 1018710ms] [ERROR] Failed to load resource: the server responded with a status of 404 () @ https://brokerai.rudz.in/_next/static/g5gTfJ3h4RvK-ctXLKC0M/_ssgManifest.js:0
[ 1018710ms] [ERROR] Refused to execute script from 'https://brokerai.rudz.in/_next/static/g5gTfJ3h4RvK-ctXLKC0M/_ssgManifest.js' because its MIME type ('text/plain') is not executable, and strict MIME type checking is enabled. @ https://brokerai.rudz.in/dashboard:0
[ 1019220ms] [ERROR] Failed to load resource: the server responded with a status of 404 () @ https://brokerai.rudz.in/_next/static/chunks/7a7b1c7507636c40.js:0
[ 1019220ms] [ERROR] Refused to execute script from 'https://brokerai.rudz.in/_next/static/chunks/7a7b1c7507636c40.js' because its MIME type ('text/plain') is not executable, and strict MIME type checking is enabled. @ https://brokerai.rudz.in/dashboard:0
[ 1019225ms] [ERROR] Failed to load resource: the server responded with a status of 404 () @ https://brokerai.rudz.in/_next/static/chunks/turbopack-929e7bdb9f15a3a6.js:0
[ 1019225ms] [ERROR] Refused to execute script from 'https://brokerai.rudz.in/_next/static/chunks/turbopack-929e7bdb9f15a3a6.js' because its MIME type ('text/plain') is not executable, and strict MIME type checking is enabled. @ https://brokerai.rudz.in/dashboard:0
[ 1019267ms] [ERROR] Refused to apply style from 'https://brokerai.rudz.in/_next/static/chunks/d57d09485d47abee.css' because its MIME type ('text/plain') is not a supported stylesheet MIME type, and strict MIME checking is enabled. @ https://brokerai.rudz.in/dashboard:0
[ 1019331ms] [ERROR] Failed to load resource: the server responded with a status of 404 () @ https://brokerai.rudz.in/_next/static/chunks/ccc73848b8c470f1.js:0
[ 1019331ms] [ERROR] Refused to execute script from 'https://brokerai.rudz.in/_next/static/chunks/ccc73848b8c470f1.js' because its MIME type ('text/plain') is not executable, and strict MIME type checking is enabled. @ https://brokerai.rudz.in/dashboard:0
[ 1019332ms] [ERROR] Failed to load resource: the server responded with a status of 404 () @ https://brokerai.rudz.in/_next/static/chunks/turbopack-052a9f8b474a36e2.js:0
[ 1019332ms] [ERROR] Refused to execute script from 'https://brokerai.rudz.in/_next/static/chunks/turbopack-052a9f8b474a36e2.js' because its MIME type ('text/plain') is not executable, and strict MIME type checking is enabled. @ https://brokerai.rudz.in/dashboard:0
[ 1046932ms] [ERROR] Refused to apply style from 'https://brokerai.rudz.in/_next/static/chunks/302c29127eaf269c.css' because its MIME type ('text/plain') is not a supported stylesheet MIME type, and strict MIME checking is enabled. @ https://brokerai.rudz.in/signin:0
[ 1046942ms] [ERROR] Failed to load resource: the server responded with a status of 404 () @ https://brokerai.rudz.in/_next/static/chunks/turbopack-27b5ee5cd9ecf94a.js:0
[ 1046943ms] [ERROR] Refused to execute script from 'https://brokerai.rudz.in/_next/static/chunks/turbopack-27b5ee5cd9ecf94a.js' because its MIME type ('text/plain') is not executable, and strict MIME type checking is enabled. @ https://brokerai.rudz.in/signin:0
[ 1046954ms] [ERROR] Failed to load resource: the server responded with a status of 404 () @ https://brokerai.rudz.in/_next/static/chunks/turbopack-c6ba7ffa916fd863.js:0
[ 1046954ms] [ERROR] Refused to execute script from 'https://brokerai.rudz.in/_next/static/chunks/turbopack-c6ba7ffa916fd863.js' because its MIME type ('text/plain') is not executable, and strict MIME type checking is enabled. @ https://brokerai.rudz.in/signin:0
[ 1047032ms] [ERROR] Failed to load resource: the server responded with a status of 404 () @ https://brokerai.rudz.in/_next/static/chunks/25953c3ef1bc36ec.js:0
[ 1047032ms] [ERROR] Refused to execute script from 'https://brokerai.rudz.in/_next/static/chunks/25953c3ef1bc36ec.js' because its MIME type ('text/plain') is not executable, and strict MIME type checking is enabled. @ https://brokerai.rudz.in/signin:0
[ 1047032ms] [ERROR] Failed to load resource: the server responded with a status of 404 () @ https://brokerai.rudz.in/_next/static/chunks/7a7b1c7507636c40.js:0
[ 1047032ms] [ERROR] Refused to execute script from 'https://brokerai.rudz.in/_next/static/chunks/7a7b1c7507636c40.js' because its MIME type ('text/plain') is not executable, and strict MIME type checking is enabled. @ https://brokerai.rudz.in/signin:0
[ 1047033ms] [ERROR] Failed to load resource: the server responded with a status of 404 () @ https://brokerai.rudz.in/_next/static/6eyGDhnrVlTLln3Hnkh9l/_ssgManifest.js:0
[ 1047033ms] [ERROR] Refused to execute script from 'https://brokerai.rudz.in/_next/static/6eyGDhnrVlTLln3Hnkh9l/_ssgManifest.js' because its MIME type ('text/plain') is not executable, and strict MIME type checking is enabled. @ https://brokerai.rudz.in/signin:0
[ 1047588ms] [ERROR] Failed to load resource: the server responded with a status of 404 () @ https://brokerai.rudz.in/_next/static/6eyGDhnrVlTLln3Hnkh9l/_buildManifest.js:0
[ 1047588ms] [ERROR] Refused to execute script from 'https://brokerai.rudz.in/_next/static/6eyGDhnrVlTLln3Hnkh9l/_buildManifest.js' because its MIME type ('text/plain') is not executable, and strict MIME type checking is enabled. @ https://brokerai.rudz.in/signin:0
[ 1048769ms] [ERROR] Failed to load resource: the server responded with a status of 404 () @ https://brokerai.rudz.in/_next/static/chunks/turbopack-27b5ee5cd9ecf94a.js:0
[ 1048769ms] [ERROR] Refused to execute script from 'https://brokerai.rudz.in/_next/static/chunks/turbopack-27b5ee5cd9ecf94a.js' because its MIME type ('text/plain') is not executable, and strict MIME type checking is enabled. @ https://brokerai.rudz.in/signin?:0
[ 1048770ms] [ERROR] Failed to load resource: the server responded with a status of 404 () @ https://brokerai.rudz.in/_next/static/6eyGDhnrVlTLln3Hnkh9l/_ssgManifest.js:0
[ 1048770ms] [ERROR] Refused to execute script from 'https://brokerai.rudz.in/_next/static/6eyGDhnrVlTLln3Hnkh9l/_ssgManifest.js' because its MIME type ('text/plain') is not executable, and strict MIME type checking is enabled. @ https://brokerai.rudz.in/signin?:0
[ 1048770ms] [ERROR] Failed to load resource: the server responded with a status of 404 () @ https://brokerai.rudz.in/_next/static/chunks/25953c3ef1bc36ec.js:0
[ 1048770ms] [ERROR] Refused to execute script from 'https://brokerai.rudz.in/_next/static/chunks/25953c3ef1bc36ec.js' because its MIME type ('text/plain') is not executable, and strict MIME type checking is enabled. @ https://brokerai.rudz.in/signin?:0
[ 1048880ms] [ERROR] Failed to load resource: the server responded with a status of 404 () @ https://brokerai.rudz.in/_next/static/chunks/7a7b1c7507636c40.js:0
[ 1048880ms] [ERROR] Refused to execute script from 'https://brokerai.rudz.in/_next/static/chunks/7a7b1c7507636c40.js' because its MIME type ('text/plain') is not executable, and strict MIME type checking is enabled. @ https://brokerai.rudz.in/signin?:0
[ 1048881ms] [ERROR] Refused to apply style from 'https://brokerai.rudz.in/_next/static/chunks/302c29127eaf269c.css' because its MIME type ('text/plain') is not a supported stylesheet MIME type, and strict MIME checking is enabled. @ https://brokerai.rudz.in/signin?:0
[ 1048886ms] [ERROR] Failed to load resource: the server responded with a status of 404 () @ https://brokerai.rudz.in/_next/static/chunks/turbopack-c6ba7ffa916fd863.js:0
[ 1048886ms] [ERROR] Refused to execute script from 'https://brokerai.rudz.in/_next/static/chunks/turbopack-c6ba7ffa916fd863.js' because its MIME type ('text/plain') is not executable, and strict MIME type checking is enabled. @ https://brokerai.rudz.in/signin?:0
[ 1049180ms] [ERROR] Failed to load resource: the server responded with a status of 404 () @ https://brokerai.rudz.in/_next/static/6eyGDhnrVlTLln3Hnkh9l/_buildManifest.js:0
[ 1049180ms] [ERROR] Refused to execute script from 'https://brokerai.rudz.in/_next/static/6eyGDhnrVlTLln3Hnkh9l/_buildManifest.js' because its MIME type ('text/plain') is not executable, and strict MIME type checking is enabled. @ https://brokerai.rudz.in/signin?:0
[ 1068064ms] [ERROR] Failed to load resource: the server responded with a status of 404 () @ https://brokerai.rudz.in/_next/static/chunks/turbopack-c6ba7ffa916fd863.js:0
[ 1068065ms] [ERROR] Refused to execute script from 'https://brokerai.rudz.in/_next/static/chunks/turbopack-c6ba7ffa916fd863.js' because its MIME type ('text/plain') is not executable, and strict MIME type checking is enabled. @ https://brokerai.rudz.in/signin:0
[ 1068068ms] [ERROR] Failed to load resource: the server responded with a status of 404 () @ https://brokerai.rudz.in/_next/static/chunks/turbopack-27b5ee5cd9ecf94a.js:0
[ 1068068ms] [ERROR] Refused to execute script from 'https://brokerai.rudz.in/_next/static/chunks/turbopack-27b5ee5cd9ecf94a.js' because its MIME type ('text/plain') is not executable, and strict MIME type checking is enabled. @ https://brokerai.rudz.in/signin:0
[ 1068071ms] [ERROR] Failed to load resource: the server responded with a status of 404 () @ https://brokerai.rudz.in/_next/static/chunks/7a7b1c7507636c40.js:0
[ 1068071ms] [ERROR] Refused to execute script from 'https://brokerai.rudz.in/_next/static/chunks/7a7b1c7507636c40.js' because its MIME type ('text/plain') is not executable, and strict MIME type checking is enabled. @ https://brokerai.rudz.in/signin:0
[ 1068071ms] [ERROR] Refused to apply style from 'https://brokerai.rudz.in/_next/static/chunks/302c29127eaf269c.css' because its MIME type ('text/plain') is not a supported stylesheet MIME type, and strict MIME checking is enabled. @ https://brokerai.rudz.in/signin:0
[ 1068169ms] [ERROR] Failed to load resource: the server responded with a status of 404 () @ https://brokerai.rudz.in/_next/static/6eyGDhnrVlTLln3Hnkh9l/_ssgManifest.js:0
[ 1068170ms] [ERROR] Refused to execute script from 'https://brokerai.rudz.in/_next/static/6eyGDhnrVlTLln3Hnkh9l/_ssgManifest.js' because its MIME type ('text/plain') is not executable, and strict MIME type checking is enabled. @ https://brokerai.rudz.in/signin:0
[ 1068170ms] [ERROR] Failed to load resource: the server responded with a status of 404 () @ https://brokerai.rudz.in/_next/static/chunks/25953c3ef1bc36ec.js:0
[ 1068170ms] [ERROR] Refused to execute script from 'https://brokerai.rudz.in/_next/static/chunks/25953c3ef1bc36ec.js' because its MIME type ('text/plain') is not executable, and strict MIME type checking is enabled. @ https://brokerai.rudz.in/signin:0
[ 1068580ms] [ERROR] Failed to load resource: the server responded with a status of 404 () @ https://brokerai.rudz.in/_next/static/6eyGDhnrVlTLln3Hnkh9l/_buildManifest.js:0
[ 1068581ms] [ERROR] Refused to execute script from 'https://brokerai.rudz.in/_next/static/6eyGDhnrVlTLln3Hnkh9l/_buildManifest.js' because its MIME type ('text/plain') is not executable, and strict MIME type checking is enabled. @ https://brokerai.rudz.in/signin:0
[ 1451235ms] [ERROR] Refused to apply style from 'https://brokerai.rudz.in/_next/static/chunks/302c29127eaf269c.css' because its MIME type ('text/plain') is not a supported stylesheet MIME type, and strict MIME checking is enabled. @ https://brokerai.rudz.in/signin:0
[ 1451240ms] [ERROR] Failed to load resource: the server responded with a status of 404 () @ https://brokerai.rudz.in/_next/static/6eyGDhnrVlTLln3Hnkh9l/_ssgManifest.js:0
[ 1451240ms] [ERROR] Refused to execute script from 'https://brokerai.rudz.in/_next/static/6eyGDhnrVlTLln3Hnkh9l/_ssgManifest.js' because its MIME type ('text/plain') is not executable, and strict MIME type checking is enabled. @ https://brokerai.rudz.in/signin:0
[ 1451240ms] [ERROR] Failed to load resource: the server responded with a status of 404 () @ https://brokerai.rudz.in/_next/static/chunks/turbopack-27b5ee5cd9ecf94a.js:0
[ 1451240ms] [ERROR] Refused to execute script from 'https://brokerai.rudz.in/_next/static/chunks/turbopack-27b5ee5cd9ecf94a.js' because its MIME type ('text/plain') is not executable, and strict MIME type checking is enabled. @ https://brokerai.rudz.in/signin:0
[ 1452015ms] [ERROR] Failed to load resource: the server responded with a status of 404 () @ https://brokerai.rudz.in/_next/static/chunks/turbopack-c6ba7ffa916fd863.js:0
[ 1452015ms] [ERROR] Refused to execute script from 'https://brokerai.rudz.in/_next/static/chunks/turbopack-c6ba7ffa916fd863.js' because its MIME type ('text/plain') is not executable, and strict MIME type checking is enabled. @ https://brokerai.rudz.in/signin:0
[ 1452121ms] [ERROR] Failed to load resource: the server responded with a status of 404 () @ https://brokerai.rudz.in/_next/static/chunks/7a7b1c7507636c40.js:0
[ 1452121ms] [ERROR] Refused to execute script from 'https://brokerai.rudz.in/_next/static/chunks/7a7b1c7507636c40.js' because its MIME type ('text/plain') is not executable, and strict MIME type checking is enabled. @ https://brokerai.rudz.in/signin:0
[ 1452137ms] [ERROR] Failed to load resource: the server responded with a status of 404 () @ https://brokerai.rudz.in/_next/static/chunks/25953c3ef1bc36ec.js:0
[ 1452138ms] [ERROR] Refused to execute script from 'https://brokerai.rudz.in/_next/static/chunks/25953c3ef1bc36ec.js' because its MIME type ('text/plain') is not executable, and strict MIME type checking is enabled. @ https://brokerai.rudz.in/signin:0
[ 1452981ms] [ERROR] Failed to load resource: the server responded with a status of 404 () @ https://brokerai.rudz.in/_next/static/6eyGDhnrVlTLln3Hnkh9l/_buildManifest.js:0
[ 1452981ms] [ERROR] Refused to execute script from 'https://brokerai.rudz.in/_next/static/6eyGDhnrVlTLln3Hnkh9l/_buildManifest.js' because its MIME type ('text/plain') is not executable, and strict MIME type checking is enabled. @ https://brokerai.rudz.in/signin:0
[ 1641311ms] [ERROR] Refused to apply style from 'https://brokerai.rudz.in/_next/static/chunks/302c29127eaf269c.css' because its MIME type ('text/plain') is not a supported stylesheet MIME type, and strict MIME checking is enabled. @ https://brokerai.rudz.in/signin:0
[ 1641315ms] [ERROR] Failed to load resource: the server responded with a status of 404 () @ https://brokerai.rudz.in/_next/static/6eyGDhnrVlTLln3Hnkh9l/_ssgManifest.js:0
[ 1641315ms] [ERROR] Refused to execute script from 'https://brokerai.rudz.in/_next/static/6eyGDhnrVlTLln3Hnkh9l/_ssgManifest.js' because its MIME type ('text/plain') is not executable, and strict MIME type checking is enabled. @ https://brokerai.rudz.in/signin:0
[ 1641316ms] [ERROR] Failed to load resource: the server responded with a status of 404 () @ https://brokerai.rudz.in/_next/static/chunks/25953c3ef1bc36ec.js:0
[ 1641316ms] [ERROR] Refused to execute script from 'https://brokerai.rudz.in/_next/static/chunks/25953c3ef1bc36ec.js' because its MIME type ('text/plain') is not executable, and strict MIME type checking is enabled. @ https://brokerai.rudz.in/signin:0
[ 1641317ms] [ERROR] Failed to load resource: the server responded with a status of 404 () @ https://brokerai.rudz.in/_next/static/chunks/7a7b1c7507636c40.js:0
[ 1641317ms] [ERROR] Refused to execute script from 'https://brokerai.rudz.in/_next/static/chunks/7a7b1c7507636c40.js' because its MIME type ('text/plain') is not executable, and strict MIME type checking is enabled. @ https://brokerai.rudz.in/signin:0
[ 1641317ms] [ERROR] Failed to load resource: the server responded with a status of 404 () @ https://brokerai.rudz.in/_next/static/chunks/turbopack-27b5ee5cd9ecf94a.js:0
[ 1641317ms] [ERROR] Refused to execute script from 'https://brokerai.rudz.in/_next/static/chunks/turbopack-27b5ee5cd9ecf94a.js' because its MIME type ('text/plain') is not executable, and strict MIME type checking is enabled. @ https://brokerai.rudz.in/signin:0
[ 1642122ms] [ERROR] Failed to load resource: the server responded with a status of 404 () @ https://brokerai.rudz.in/_next/static/6eyGDhnrVlTLln3Hnkh9l/_buildManifest.js:0
[ 1642122ms] [ERROR] Refused to execute script from 'https://brokerai.rudz.in/_next/static/6eyGDhnrVlTLln3Hnkh9l/_buildManifest.js' because its MIME type ('text/plain') is not executable, and strict MIME type checking is enabled. @ https://brokerai.rudz.in/signin:0
[ 1642130ms] [ERROR] Failed to load resource: the server responded with a status of 404 () @ https://brokerai.rudz.in/_next/static/chunks/turbopack-c6ba7ffa916fd863.js:0
[ 1642130ms] [ERROR] Refused to execute script from 'https://brokerai.rudz.in/_next/static/chunks/turbopack-c6ba7ffa916fd863.js' because its MIME type ('text/plain') is not executable, and strict MIME type checking is enabled. @ https://brokerai.rudz.in/signin:0
[ 1694376ms] [ERROR] Refused to apply style from 'https://brokerai.rudz.in/_next/static/chunks/302c29127eaf269c.css' because its MIME type ('text/plain') is not a supported stylesheet MIME type, and strict MIME checking is enabled. @ https://brokerai.rudz.in/signin:0
[ 1694434ms] [ERROR] Failed to load resource: the server responded with a status of 404 () @ https://brokerai.rudz.in/_next/static/chunks/turbopack-c6ba7ffa916fd863.js:0
[ 1694434ms] [ERROR] Refused to execute script from 'https://brokerai.rudz.in/_next/static/chunks/turbopack-c6ba7ffa916fd863.js' because its MIME type ('text/plain') is not executable, and strict MIME type checking is enabled. @ https://brokerai.rudz.in/signin:0
[ 1694434ms] [ERROR] Failed to load resource: the server responded with a status of 404 () @ https://brokerai.rudz.in/_next/static/chunks/25953c3ef1bc36ec.js:0
[ 1694435ms] [ERROR] Refused to execute script from 'https://brokerai.rudz.in/_next/static/chunks/25953c3ef1bc36ec.js' because its MIME type ('text/plain') is not executable, and strict MIME type checking is enabled. @ https://brokerai.rudz.in/signin:0
[ 1694463ms] [ERROR] Failed to load resource: the server responded with a status of 404 () @ https://brokerai.rudz.in/_next/static/chunks/turbopack-27b5ee5cd9ecf94a.js:0
[ 1694463ms] [ERROR] Refused to execute script from 'https://brokerai.rudz.in/_next/static/chunks/turbopack-27b5ee5cd9ecf94a.js' because its MIME type ('text/plain') is not executable, and strict MIME type checking is enabled. @ https://brokerai.rudz.in/signin:0
[ 1695813ms] [ERROR] Failed to load resource: the server responded with a status of 404 () @ https://brokerai.rudz.in/_next/static/6eyGDhnrVlTLln3Hnkh9l/_ssgManifest.js:0
[ 1695813ms] [ERROR] Refused to execute script from 'https://brokerai.rudz.in/_next/static/6eyGDhnrVlTLln3Hnkh9l/_ssgManifest.js' because its MIME type ('text/plain') is not executable, and strict MIME type checking is enabled. @ https://brokerai.rudz.in/signin:0
[ 1695837ms] [ERROR] Failed to load resource: the server responded with a status of 404 () @ https://brokerai.rudz.in/_next/static/6eyGDhnrVlTLln3Hnkh9l/_buildManifest.js:0
[ 1695837ms] [ERROR] Refused to execute script from 'https://brokerai.rudz.in/_next/static/6eyGDhnrVlTLln3Hnkh9l/_buildManifest.js' because its MIME type ('text/plain') is not executable, and strict MIME type checking is enabled. @ https://brokerai.rudz.in/signin:0
[ 1695862ms] [ERROR] Failed to load resource: the server responded with a status of 404 () @ https://brokerai.rudz.in/_next/static/chunks/7a7b1c7507636c40.js:0
[ 1695863ms] [ERROR] Refused to execute script from 'https://brokerai.rudz.in/_next/static/chunks/7a7b1c7507636c40.js' because its MIME type ('text/plain') is not executable, and strict MIME type checking is enabled. @ https://brokerai.rudz.in/signin:0
[ 1697111ms] [ERROR] Failed to load resource: the server responded with a status of 404 () @ https://brokerai.rudz.in/_next/static/chunks/turbopack-27b5ee5cd9ecf94a.js:0
[ 1697111ms] [ERROR] Refused to execute script from 'https://brokerai.rudz.in/_next/static/chunks/turbopack-27b5ee5cd9ecf94a.js' because its MIME type ('text/plain') is not executable, and strict MIME type checking is enabled. @ https://brokerai.rudz.in/signin?:0
[ 1697113ms] [ERROR] Failed to load resource: the server responded with a status of 404 () @ https://brokerai.rudz.in/_next/static/chunks/turbopack-c6ba7ffa916fd863.js:0
[ 1697113ms] [ERROR] Refused to execute script from 'https://brokerai.rudz.in/_next/static/chunks/turbopack-c6ba7ffa916fd863.js' because its MIME type ('text/plain') is not executable, and strict MIME type checking is enabled. @ https://brokerai.rudz.in/signin?:0
[ 1697113ms] [ERROR] Failed to load resource: the server responded with a status of 404 () @ https://brokerai.rudz.in/_next/static/6eyGDhnrVlTLln3Hnkh9l/_ssgManifest.js:0
[ 1697113ms] [ERROR] Refused to execute script from 'https://brokerai.rudz.in/_next/static/6eyGDhnrVlTLln3Hnkh9l/_ssgManifest.js' because its MIME type ('text/plain') is not executable, and strict MIME type checking is enabled. @ https://brokerai.rudz.in/signin?:0
[ 1697223ms] [ERROR] Refused to apply style from 'https://brokerai.rudz.in/_next/static/chunks/302c29127eaf269c.css' because its MIME type ('text/plain') is not a supported stylesheet MIME type, and strict MIME checking is enabled. @ https://brokerai.rudz.in/signin?:0
[ 1697229ms] [ERROR] Failed to load resource: the server responded with a status of 404 () @ https://brokerai.rudz.in/_next/static/chunks/25953c3ef1bc36ec.js:0
[ 1697229ms] [ERROR] Refused to execute script from 'https://brokerai.rudz.in/_next/static/chunks/25953c3ef1bc36ec.js' because its MIME type ('text/plain') is not executable, and strict MIME type checking is enabled. @ https://brokerai.rudz.in/signin?:0
[ 1697229ms] [ERROR] Failed to load resource: the server responded with a status of 404 () @ https://brokerai.rudz.in/_next/static/chunks/7a7b1c7507636c40.js:0
[ 1697229ms] [ERROR] Refused to execute script from 'https://brokerai.rudz.in/_next/static/chunks/7a7b1c7507636c40.js' because its MIME type ('text/plain') is not executable, and strict MIME type checking is enabled. @ https://brokerai.rudz.in/signin?:0
[ 1698543ms] [ERROR] Failed to load resource: the server responded with a status of 404 () @ https://brokerai.rudz.in/_next/static/6eyGDhnrVlTLln3Hnkh9l/_buildManifest.js:0
[ 1698543ms] [ERROR] Refused to execute script from 'https://brokerai.rudz.in/_next/static/6eyGDhnrVlTLln3Hnkh9l/_buildManifest.js' because its MIME type ('text/plain') is not executable, and strict MIME type checking is enabled. @ https://brokerai.rudz.in/signin?:0
[ 1757694ms] [ERROR] Failed to load resource: the server responded with a status of 404 () @ https://brokerai.rudz.in/_next/static/chunks/25953c3ef1bc36ec.js:0
[ 1757694ms] [ERROR] Refused to execute script from 'https://brokerai.rudz.in/_next/static/chunks/25953c3ef1bc36ec.js' because its MIME type ('text/plain') is not executable, and strict MIME type checking is enabled. @ https://brokerai.rudz.in/signin:0
[ 1757694ms] [ERROR] Failed to load resource: the server responded with a status of 404 () @ https://brokerai.rudz.in/_next/static/6eyGDhnrVlTLln3Hnkh9l/_ssgManifest.js:0
[ 1757694ms] [ERROR] Refused to execute script from 'https://brokerai.rudz.in/_next/static/6eyGDhnrVlTLln3Hnkh9l/_ssgManifest.js' because its MIME type ('text/plain') is not executable, and strict MIME type checking is enabled. @ https://brokerai.rudz.in/signin:0
[ 1757788ms] [ERROR] Failed to load resource: the server responded with a status of 404 () @ https://brokerai.rudz.in/_next/static/chunks/7a7b1c7507636c40.js:0
[ 1757788ms] [ERROR] Refused to execute script from 'https://brokerai.rudz.in/_next/static/chunks/7a7b1c7507636c40.js' because its MIME type ('text/plain') is not executable, and strict MIME type checking is enabled. @ https://brokerai.rudz.in/signin:0
[ 1757789ms] [ERROR] Failed to load resource: the server responded with a status of 404 () @ https://brokerai.rudz.in/_next/static/6eyGDhnrVlTLln3Hnkh9l/_buildManifest.js:0
[ 1757789ms] [ERROR] Refused to execute script from 'https://brokerai.rudz.in/_next/static/6eyGDhnrVlTLln3Hnkh9l/_buildManifest.js' because its MIME type ('text/plain') is not executable, and strict MIME type checking is enabled. @ https://brokerai.rudz.in/signin:0
[ 1758543ms] [ERROR] Failed to load resource: the server responded with a status of 404 () @ https://brokerai.rudz.in/_next/static/chunks/turbopack-c6ba7ffa916fd863.js:0
[ 1758543ms] [ERROR] Refused to execute script from 'https://brokerai.rudz.in/_next/static/chunks/turbopack-c6ba7ffa916fd863.js' because its MIME type ('text/plain') is not executable, and strict MIME type checking is enabled. @ https://brokerai.rudz.in/signin:0
[ 1758679ms] [ERROR] Refused to apply style from 'https://brokerai.rudz.in/_next/static/chunks/302c29127eaf269c.css' because its MIME type ('text/plain') is not a supported stylesheet MIME type, and strict MIME checking is enabled. @ https://brokerai.rudz.in/signin:0
[ 1758719ms] [ERROR] Failed to load resource: the server responded with a status of 404 () @ https://brokerai.rudz.in/_next/static/chunks/turbopack-27b5ee5cd9ecf94a.js:0
[ 1758719ms] [ERROR] Refused to execute script from 'https://brokerai.rudz.in/_next/static/chunks/turbopack-27b5ee5cd9ecf94a.js' because its MIME type ('text/plain') is not executable, and strict MIME type checking is enabled. @ https://brokerai.rudz.in/signin:0
[ 1769888ms] [ERROR] Refused to apply style from 'https://brokerai.rudz.in/_next/static/chunks/302c29127eaf269c.css' because its MIME type ('text/plain') is not a supported stylesheet MIME type, and strict MIME checking is enabled. @ https://brokerai.rudz.in/signin:0
[ 1769892ms] [ERROR] Failed to load resource: the server responded with a status of 404 () @ https://brokerai.rudz.in/_next/static/chunks/turbopack-c6ba7ffa916fd863.js:0
[ 1769892ms] [ERROR] Refused to execute script from 'https://brokerai.rudz.in/_next/static/chunks/turbopack-c6ba7ffa916fd863.js' because its MIME type ('text/plain') is not executable, and strict MIME type checking is enabled. @ https://brokerai.rudz.in/signin:0
[ 1769923ms] [ERROR] Failed to load resource: the server responded with a status of 404 () @ https://brokerai.rudz.in/_next/static/6eyGDhnrVlTLln3Hnkh9l/_ssgManifest.js:0
[ 1769923ms] [ERROR] Refused to execute script from 'https://brokerai.rudz.in/_next/static/6eyGDhnrVlTLln3Hnkh9l/_ssgManifest.js' because its MIME type ('text/plain') is not executable, and strict MIME type checking is enabled. @ https://brokerai.rudz.in/signin:0
[ 1769989ms] [ERROR] Failed to load resource: the server responded with a status of 404 () @ https://brokerai.rudz.in/_next/static/6eyGDhnrVlTLln3Hnkh9l/_buildManifest.js:0
[ 1769989ms] [ERROR] Refused to execute script from 'https://brokerai.rudz.in/_next/static/6eyGDhnrVlTLln3Hnkh9l/_buildManifest.js' because its MIME type ('text/plain') is not executable, and strict MIME type checking is enabled. @ https://brokerai.rudz.in/signin:0
[ 1769998ms] [ERROR] Failed to load resource: the server responded with a status of 404 () @ https://brokerai.rudz.in/_next/static/chunks/7a7b1c7507636c40.js:0
[ 1769999ms] [ERROR] Refused to execute script from 'https://brokerai.rudz.in/_next/static/chunks/7a7b1c7507636c40.js' because its MIME type ('text/plain') is not executable, and strict MIME type checking is enabled. @ https://brokerai.rudz.in/signin:0
[ 1770132ms] [ERROR] Failed to load resource: the server responded with a status of 404 () @ https://brokerai.rudz.in/_next/static/chunks/turbopack-27b5ee5cd9ecf94a.js:0
[ 1770133ms] [ERROR] Refused to execute script from 'https://brokerai.rudz.in/_next/static/chunks/turbopack-27b5ee5cd9ecf94a.js' because its MIME type ('text/plain') is not executable, and strict MIME type checking is enabled. @ https://brokerai.rudz.in/signin:0
[ 1770662ms] [ERROR] Failed to load resource: the server responded with a status of 404 () @ https://brokerai.rudz.in/_next/static/chunks/25953c3ef1bc36ec.js:0
[ 1770662ms] [ERROR] Refused to execute script from 'https://brokerai.rudz.in/_next/static/chunks/25953c3ef1bc36ec.js' because its MIME type ('text/plain') is not executable, and strict MIME type checking is enabled. @ https://brokerai.rudz.in/signin:0
[ 1775536ms] [ERROR] Failed to load resource: the server responded with a status of 404 () @ https://brokerai.rudz.in/_next/static/chunks/25953c3ef1bc36ec.js:0
[ 1775536ms] [ERROR] Refused to execute script from 'https://brokerai.rudz.in/_next/static/chunks/25953c3ef1bc36ec.js' because its MIME type ('text/plain') is not executable, and strict MIME type checking is enabled. @ https://brokerai.rudz.in/signin:0
[ 1775537ms] [ERROR] Failed to load resource: the server responded with a status of 404 () @ https://brokerai.rudz.in/_next/static/6eyGDhnrVlTLln3Hnkh9l/_ssgManifest.js:0
[ 1775537ms] [ERROR] Refused to execute script from 'https://brokerai.rudz.in/_next/static/6eyGDhnrVlTLln3Hnkh9l/_ssgManifest.js' because its MIME type ('text/plain') is not executable, and strict MIME type checking is enabled. @ https://brokerai.rudz.in/signin:0
[ 1775537ms] [ERROR] Refused to apply style from 'https://brokerai.rudz.in/_next/static/chunks/302c29127eaf269c.css' because its MIME type ('text/plain') is not a supported stylesheet MIME type, and strict MIME checking is enabled. @ https://brokerai.rudz.in/signin:0
[ 1775538ms] [ERROR] Failed to load resource: the server responded with a status of 404 () @ https://brokerai.rudz.in/_next/static/chunks/turbopack-27b5ee5cd9ecf94a.js:0
[ 1775538ms] [ERROR] Refused to execute script from 'https://brokerai.rudz.in/_next/static/chunks/turbopack-27b5ee5cd9ecf94a.js' because its MIME type ('text/plain') is not executable, and strict MIME type checking is enabled. @ https://brokerai.rudz.in/signin:0
[ 1775538ms] [ERROR] Failed to load resource: the server responded with a status of 404 () @ https://brokerai.rudz.in/_next/static/chunks/7a7b1c7507636c40.js:0
[ 1775538ms] [ERROR] Refused to execute script from 'https://brokerai.rudz.in/_next/static/chunks/7a7b1c7507636c40.js' because its MIME type ('text/plain') is not executable, and strict MIME type checking is enabled. @ https://brokerai.rudz.in/signin:0
[ 1775538ms] [ERROR] Failed to load resource: the server responded with a status of 404 () @ https://brokerai.rudz.in/_next/static/6eyGDhnrVlTLln3Hnkh9l/_buildManifest.js:0
[ 1775538ms] [ERROR] Refused to execute script from 'https://brokerai.rudz.in/_next/static/6eyGDhnrVlTLln3Hnkh9l/_buildManifest.js' because its MIME type ('text/plain') is not executable, and strict MIME type checking is enabled. @ https://brokerai.rudz.in/signin:0
[ 1775539ms] [ERROR] Failed to load resource: the server responded with a status of 404 () @ https://brokerai.rudz.in/_next/static/chunks/turbopack-c6ba7ffa916fd863.js:0
[ 1775539ms] [ERROR] Refused to execute script from 'https://brokerai.rudz.in/_next/static/chunks/turbopack-c6ba7ffa916fd863.js' because its MIME type ('text/plain') is not executable, and strict MIME type checking is enabled. @ https://brokerai.rudz.in/signin:0
