[    1138ms] [ERROR] Failed to load resource: the server responded with a status of 404 () @ https://brokerai.rudz.in/_next/static/chunks/turbopack-27b5ee5cd9ecf94a.js:0
[    1138ms] [ERROR] Refused to execute script from 'https://brokerai.rudz.in/_next/static/chunks/turbopack-27b5ee5cd9ecf94a.js' because its MIME type ('text/plain') is not executable, and strict MIME type checking is enabled. @ https://brokerai.rudz.in/signin:0
[    1142ms] [ERROR] Failed to load resource: the server responded with a status of 404 () @ https://brokerai.rudz.in/_next/static/chunks/25953c3ef1bc36ec.js:0
[    1143ms] [ERROR] Refused to execute script from 'https://brokerai.rudz.in/_next/static/chunks/25953c3ef1bc36ec.js' because its MIME type ('text/plain') is not executable, and strict MIME type checking is enabled. @ https://brokerai.rudz.in/signin:0
[    1143ms] [ERROR] Refused to apply style from 'https://brokerai.rudz.in/_next/static/chunks/302c29127eaf269c.css' because its MIME type ('text/plain') is not a supported stylesheet MIME type, and strict MIME checking is enabled. @ https://brokerai.rudz.in/signin:0
[    1251ms] [ERROR] Failed to load resource: the server responded with a status of 404 () @ https://brokerai.rudz.in/_next/static/6eyGDhnrVlTLln3Hnkh9l/_buildManifest.js:0
[    1251ms] [ERROR] Refused to execute script from 'https://brokerai.rudz.in/_next/static/6eyGDhnrVlTLln3Hnkh9l/_buildManifest.js' because its MIME type ('text/plain') is not executable, and strict MIME type checking is enabled. @ https://brokerai.rudz.in/signin:0
[    1252ms] [ERROR] Failed to load resource: the server responded with a status of 404 () @ https://brokerai.rudz.in/_next/static/chunks/turbopack-c6ba7ffa916fd863.js:0
[    1253ms] [ERROR] Refused to execute script from 'https://brokerai.rudz.in/_next/static/chunks/turbopack-c6ba7ffa916fd863.js' because its MIME type ('text/plain') is not executable, and strict MIME type checking is enabled. @ https://brokerai.rudz.in/signin:0
[    1268ms] [ERROR] Failed to load resource: the server responded with a status of 404 () @ https://brokerai.rudz.in/_next/static/chunks/7a7b1c7507636c40.js:0
[    1268ms] [ERROR] Refused to execute script from 'https://brokerai.rudz.in/_next/static/chunks/7a7b1c7507636c40.js' because its MIME type ('text/plain') is not executable, and strict MIME type checking is enabled. @ https://brokerai.rudz.in/signin:0
[    1279ms] [ERROR] Failed to load resource: the server responded with a status of 404 () @ https://brokerai.rudz.in/_next/static/6eyGDhnrVlTLln3Hnkh9l/_ssgManifest.js:0
[    1279ms] [ERROR] Refused to execute script from 'https://brokerai.rudz.in/_next/static/6eyGDhnrVlTLln3Hnkh9l/_ssgManifest.js' because its MIME type ('text/plain') is not executable, and strict MIME type checking is enabled. @ https://brokerai.rudz.in/signin:0
[    2570ms] [ERROR] Failed to load resource: the server responded with a status of 404 () @ https://brokerai.rudz.in/favicon.ico:0
[   42525ms] [ERROR] Failed to load resource: the server responded with a status of 404 () @ https://brokerai.rudz.in/_next/static/chunks/25953c3ef1bc36ec.js:0
[   42525ms] [ERROR] Refused to execute script from 'https://brokerai.rudz.in/_next/static/chunks/25953c3ef1bc36ec.js' because its MIME type ('text/plain') is not executable, and strict MIME type checking is enabled. @ https://brokerai.rudz.in/signin?:0
[   42528ms] [ERROR] Failed to load resource: the server responded with a status of 404 () @ https://brokerai.rudz.in/_next/static/chunks/7a7b1c7507636c40.js:0
[   42528ms] [ERROR] Refused to execute script from 'https://brokerai.rudz.in/_next/static/chunks/7a7b1c7507636c40.js' because its MIME type ('text/plain') is not executable, and strict MIME type checking is enabled. @ https://brokerai.rudz.in/signin?:0
[   42559ms] [ERROR] Refused to apply style from 'https://brokerai.rudz.in/_next/static/chunks/302c29127eaf269c.css' because its MIME type ('text/plain') is not a supported stylesheet MIME type, and strict MIME checking is enabled. @ https://brokerai.rudz.in/signin?:0
[   42639ms] [ERROR] Failed to load resource: the server responded with a status of 404 () @ https://brokerai.rudz.in/_next/static/6eyGDhnrVlTLln3Hnkh9l/_ssgManifest.js:0
[   42639ms] [ERROR] Refused to execute script from 'https://brokerai.rudz.in/_next/static/6eyGDhnrVlTLln3Hnkh9l/_ssgManifest.js' because its MIME type ('text/plain') is not executable, and strict MIME type checking is enabled. @ https://brokerai.rudz.in/signin?:0
[   42640ms] [ERROR] Failed to load resource: the server responded with a status of 404 () @ https://brokerai.rudz.in/_next/static/chunks/turbopack-c6ba7ffa916fd863.js:0
[   42640ms] [ERROR] Refused to execute script from 'https://brokerai.rudz.in/_next/static/chunks/turbopack-c6ba7ffa916fd863.js' because its MIME type ('text/plain') is not executable, and strict MIME type checking is enabled. @ https://brokerai.rudz.in/signin?:0
[   42640ms] [ERROR] Failed to load resource: the server responded with a status of 404 () @ https://brokerai.rudz.in/_next/static/chunks/turbopack-27b5ee5cd9ecf94a.js:0
[   42640ms] [ERROR] Refused to execute script from 'https://brokerai.rudz.in/_next/static/chunks/turbopack-27b5ee5cd9ecf94a.js' because its MIME type ('text/plain') is not executable, and strict MIME type checking is enabled. @ https://brokerai.rudz.in/signin?:0
[   43439ms] [ERROR] Failed to load resource: the server responded with a status of 404 () @ https://brokerai.rudz.in/_next/static/6eyGDhnrVlTLln3Hnkh9l/_buildManifest.js:0
[   43439ms] [ERROR] Refused to execute script from 'https://brokerai.rudz.in/_next/static/6eyGDhnrVlTLln3Hnkh9l/_buildManifest.js' because its MIME type ('text/plain') is not executable, and strict MIME type checking is enabled. @ https://brokerai.rudz.in/signin?:0
