[     846ms] [ERROR] Refused to apply style from 'https://brokerai.rudz.in/_next/static/chunks/302c29127eaf269c.css' because its MIME type ('text/plain') is not a supported stylesheet MIME type, and strict MIME checking is enabled. @ https://brokerai.rudz.in/signin:0
[     865ms] [ERROR] Failed to load resource: the server responded with a status of 404 () @ https://brokerai.rudz.in/_next/static/chunks/turbopack-c6ba7ffa916fd863.js:0
[     865ms] [ERROR] Refused to execute script from 'https://brokerai.rudz.in/_next/static/chunks/turbopack-c6ba7ffa916fd863.js' because its MIME type ('text/plain') is not executable, and strict MIME type checking is enabled. @ https://brokerai.rudz.in/signin:0
[     865ms] [ERROR] Failed to load resource: the server responded with a status of 404 () @ https://brokerai.rudz.in/_next/static/chunks/25953c3ef1bc36ec.js:0
[     866ms] [ERROR] Refused to execute script from 'https://brokerai.rudz.in/_next/static/chunks/25953c3ef1bc36ec.js' because its MIME type ('text/plain') is not executable, and strict MIME type checking is enabled. @ https://brokerai.rudz.in/signin:0
[     960ms] [ERROR] Failed to load resource: the server responded with a status of 404 () @ https://brokerai.rudz.in/_next/static/6eyGDhnrVlTLln3Hnkh9l/_ssgManifest.js:0
[     960ms] [ERROR] Refused to execute script from 'https://brokerai.rudz.in/_next/static/6eyGDhnrVlTLln3Hnkh9l/_ssgManifest.js' because its MIME type ('text/plain') is not executable, and strict MIME type checking is enabled. @ https://brokerai.rudz.in/signin:0
[     961ms] [ERROR] Failed to load resource: the server responded with a status of 404 () @ https://brokerai.rudz.in/_next/static/chunks/7a7b1c7507636c40.js:0
[     961ms] [ERROR] Refused to execute script from 'https://brokerai.rudz.in/_next/static/chunks/7a7b1c7507636c40.js' because its MIME type ('text/plain') is not executable, and strict MIME type checking is enabled. @ https://brokerai.rudz.in/signin:0
[     962ms] [ERROR] Failed to load resource: the server responded with a status of 404 () @ https://brokerai.rudz.in/_next/static/chunks/turbopack-27b5ee5cd9ecf94a.js:0
[     962ms] [ERROR] Refused to execute script from 'https://brokerai.rudz.in/_next/static/chunks/turbopack-27b5ee5cd9ecf94a.js' because its MIME type ('text/plain') is not executable, and strict MIME type checking is enabled. @ https://brokerai.rudz.in/signin:0
[     962ms] [ERROR] Failed to load resource: the server responded with a status of 404 () @ https://brokerai.rudz.in/_next/static/6eyGDhnrVlTLln3Hnkh9l/_buildManifest.js:0
[     963ms] [ERROR] Refused to execute script from 'https://brokerai.rudz.in/_next/static/6eyGDhnrVlTLln3Hnkh9l/_buildManifest.js' because its MIME type ('text/plain') is not executable, and strict MIME type checking is enabled. @ https://brokerai.rudz.in/signin:0
[    1409ms] [ERROR] Failed to load resource: the server responded with a status of 404 () @ https://brokerai.rudz.in/favicon.ico:0
[   59726ms] [ERROR] Failed to load resource: the server responded with a status of 404 () @ https://brokerai.rudz.in/_next/static/6eyGDhnrVlTLln3Hnkh9l/_ssgManifest.js:0
[   59728ms] [ERROR] Failed to load resource: the server responded with a status of 404 () @ https://brokerai.rudz.in/_next/static/chunks/turbopack-27b5ee5cd9ecf94a.js:0
[   59729ms] [ERROR] Failed to load resource: the server responded with a status of 404 () @ https://brokerai.rudz.in/_next/static/chunks/25953c3ef1bc36ec.js:0
[   59745ms] [ERROR] Failed to load resource: the server responded with a status of 404 () @ https://brokerai.rudz.in/_next/static/chunks/turbopack-c6ba7ffa916fd863.js:0
[   59745ms] [ERROR] Failed to load resource: the server responded with a status of 404 () @ https://brokerai.rudz.in/_next/static/chunks/302c29127eaf269c.css:0
[   59769ms] [ERROR] Failed to load resource: the server responded with a status of 404 () @ https://brokerai.rudz.in/_next/static/chunks/7a7b1c7507636c40.js:0
[   59793ms] [ERROR] Failed to load resource: the server responded with a status of 404 () @ https://brokerai.rudz.in/_next/static/6eyGDhnrVlTLln3Hnkh9l/_buildManifest.js:0
